# JRE version: Java(TM) SE Runtime Environment (8.0_131-b11) (build 1.8.0_131-b11)
# Java VM: Java HotSpot(TM) 64-Bit Server VM (25.131-b11 mixed mode windows-amd64 compressed oops)
Heap:
 PSYoungGen      total 18944K, used 5977K [0x00000000eb200000, 0x00000000ed600000, 0x0000000100000000)
  eden space 16384K, 20% used [0x00000000eb200000,0x00000000eb559818,0x00000000ec200000)
  from space 2560K, 99% used [0x00000000ec200000,0x00000000ec47cd30,0x00000000ec480000)
  to   space 10240K, 0% used [0x00000000ecc00000,0x00000000ecc00000,0x00000000ed600000)
 ParOldGen       total 44032K, used 16250K [0x00000000c1600000, 0x00000000c4100000, 0x00000000eb200000)
  object space 44032K, 36% used [0x00000000c1600000,0x00000000c25de9b0,0x00000000c4100000)
 Metaspace       used 17293K, capacity 17654K, committed 17920K, reserved 1064960K
  class space    used 1927K, capacity 2041K, committed 2048K, reserved 1048576K
GC Heap History (10 events):
Event: 14.631 GC heap before
{Heap before GC invocations=1 (full 0):
 PSYoungGen      total 18944K, used 16384K [0x00000000eb200000, 0x00000000ec700000, 0x0000000100000000)
  eden space 16384K, 100% used [0x00000000eb200000,0x00000000ec200000,0x00000000ec200000)
  from space 2560K, 0% used [0x00000000ec480000,0x00000000ec480000,0x00000000ec700000)
  to   space 2560K, 0% used [0x00000000ec200000,0x00000000ec200000,0x00000000ec480000)
 ParOldGen       total 44032K, used 0K [0x00000000c1600000, 0x00000000c4100000, 0x00000000eb200000)
  object space 44032K, 0% used [0x00000000c1600000,0x00000000c1600000,0x00000000c4100000)
 Metaspace       used 12696K, capacity 12932K, committed 13184K, reserved 1060864K
  class space    used 1542K, capacity 1624K, committed 1664K, reserved 1048576K
Event: 14.652 GC heap after
Heap after GC invocations=1 (full 0):
 PSYoungGen      total 18944K, used 2550K [0x00000000eb200000, 0x00000000ec700000, 0x0000000100000000)
  eden space 16384K, 0% used [0x00000000eb200000,0x00000000eb200000,0x00000000ec200000)
  from space 2560K, 99% used [0x00000000ec200000,0x00000000ec47d850,0x00000000ec480000)
  to   space 2560K, 0% used [0x00000000ec480000,0x00000000ec480000,0x00000000ec700000)
 ParOldGen       total 44032K, used 2670K [0x00000000c1600000, 0x00000000c4100000, 0x00000000eb200000)
  object space 44032K, 6% used [0x00000000c1600000,0x00000000c189b928,0x00000000c4100000)
 Metaspace       used 12696K, capacity 12932K, committed 13184K, reserved 1060864K
  class space    used 1542K, capacity 1624K, committed 1664K, reserved 1048576K
}
Event: 17.988 GC heap before
{Heap before GC invocations=2 (full 0):
 PSYoungGen      total 18944K, used 18934K [0x00000000eb200000, 0x00000000ec700000, 0x0000000100000000)
  eden space 16384K, 100% used [0x00000000eb200000,0x00000000ec200000,0x00000000ec200000)
  from space 2560K, 99% used [0x00000000ec200000,0x00000000ec47d850,0x00000000ec480000)
  to   space 2560K, 0% used [0x00000000ec480000,0x00000000ec480000,0x00000000ec700000)
 ParOldGen       total 44032K, used 2670K [0x00000000c1600000, 0x00000000c4100000, 0x00000000eb200000)
  object space 44032K, 6% used [0x00000000c1600000,0x00000000c189b928,0x00000000c4100000)
 Metaspace       used 16419K, capacity 16788K, committed 17152K, reserved 1064960K
  class space    used 1917K, capacity 2026K, committed 2048K, reserved 1048576K
Event: 18.058 GC heap after
Heap after GC invocations=2 (full 0):
 PSYoungGen      total 18944K, used 2529K [0x00000000eb200000, 0x00000000ed700000, 0x0000000100000000)
  eden space 16384K, 0% used [0x00000000eb200000,0x00000000eb200000,0x00000000ec200000)
  from space 2560K, 98% used [0x00000000ec480000,0x00000000ec6f8620,0x00000000ec700000)
  to   space 2560K, 0% used [0x00000000ec200000,0x00000000ec200000,0x00000000ec480000)
 ParOldGen       total 44032K, used 10149K [0x00000000c1600000, 0x00000000c4100000, 0x00000000eb200000)
  object space 44032K, 23% used [0x00000000c1600000,0x00000000c1fe95f0,0x00000000c4100000)
 Metaspace       used 16419K, capacity 16788K, committed 17152K, reserved 1064960K
  class space    used 1917K, capacity 2026K, committed 2048K, reserved 1048576K
}
Event: 28.402 GC heap before
{Heap before GC invocations=3 (full 0):
 PSYoungGen      total 18944K, used 18913K [0x00000000eb200000, 0x00000000ed700000, 0x0000000100000000)
  eden space 16384K, 100% used [0x00000000eb200000,0x00000000ec200000,0x00000000ec200000)
  from space 2560K, 98% used [0x00000000ec480000,0x00000000ec6f8620,0x00000000ec700000)
  to   space 2560K, 0% used [0x00000000ec200000,0x00000000ec200000,0x00000000ec480000)
 ParOldGen       total 44032K, used 10149K [0x00000000c1600000, 0x00000000c4100000, 0x00000000eb200000)
  object space 44032K, 23% used [0x00000000c1600000,0x00000000c1fe95f0,0x00000000c4100000)
 Metaspace       used 16922K, capacity 17252K, committed 17408K, reserved 1064960K
  class space    used 1924K, capacity 2038K, committed 2048K, reserved 1048576K
Event: 28.431 GC heap after
Heap after GC invocations=3 (full 0):
 PSYoungGen      total 18944K, used 2540K [0x00000000eb200000, 0x00000000ec700000, 0x0000000100000000)
  eden space 16384K, 0% used [0x00000000eb200000,0x00000000eb200000,0x00000000ec200000)
  from space 2560K, 99% used [0x00000000ec200000,0x00000000ec47b388,0x00000000ec480000)
  to   space 2560K, 0% used [0x00000000ec480000,0x00000000ec480000,0x00000000ec700000)
 ParOldGen       total 44032K, used 12195K [0x00000000c1600000, 0x00000000c4100000, 0x00000000eb200000)
  object space 44032K, 27% used [0x00000000c1600000,0x00000000c21e8d40,0x00000000c4100000)
 Metaspace       used 16922K, capacity 17252K, committed 17408K, reserved 1064960K
  class space    used 1924K, capacity 2038K, committed 2048K, reserved 1048576K
}
Event: 32.631 GC heap before
{Heap before GC invocations=4 (full 0):
 PSYoungGen      total 18944K, used 18924K [0x00000000eb200000, 0x00000000ec700000, 0x0000000100000000)
  eden space 16384K, 100% used [0x00000000eb200000,0x00000000ec200000,0x00000000ec200000)
  from space 2560K, 99% used [0x00000000ec200000,0x00000000ec47b388,0x00000000ec480000)
  to   space 2560K, 0% used [0x00000000ec480000,0x00000000ec480000,0x00000000ec700000)
 ParOldGen       total 44032K, used 12195K [0x00000000c1600000, 0x00000000c4100000, 0x00000000eb200000)
  object space 44032K, 27% used [0x00000000c1600000,0x00000000c21e8d40,0x00000000c4100000)
 Metaspace       used 17130K, capacity 17526K, committed 17664K, reserved 1064960K
  class space    used 1926K, capacity 2041K, committed 2048K, reserved 1048576K
Event: 32.648 GC heap after
Heap after GC invocations=4 (full 0):
 PSYoungGen      total 18944K, used 2533K [0x00000000eb200000, 0x00000000ec700000, 0x0000000100000000)
  eden space 16384K, 0% used [0x00000000eb200000,0x00000000eb200000,0x00000000ec200000)
  from space 2560K, 98% used [0x00000000ec480000,0x00000000ec6f95e0,0x00000000ec700000)
  to   space 2560K, 0% used [0x00000000ec200000,0x00000000ec200000,0x00000000ec480000)
 ParOldGen       total 44032K, used 14148K [0x00000000c1600000, 0x00000000c4100000, 0x00000000eb200000)
  object space 44032K, 32% used [0x00000000c1600000,0x00000000c23d1058,0x00000000c4100000)
 Metaspace       used 17130K, capacity 17526K, committed 17664K, reserved 1064960K
  class space    used 1926K, capacity 2041K, committed 2048K, reserved 1048576K
}
Event: 34.851 GC heap before
{Heap before GC invocations=5 (full 0):
 PSYoungGen      total 18944K, used 18917K [0x00000000eb200000, 0x00000000ec700000, 0x0000000100000000)
  eden space 16384K, 100% used [0x00000000eb200000,0x00000000ec200000,0x00000000ec200000)
  from space 2560K, 98% used [0x00000000ec480000,0x00000000ec6f95e0,0x00000000ec700000)
  to   space 2560K, 0% used [0x00000000ec200000,0x00000000ec200000,0x00000000ec480000)
 ParOldGen       total 44032K, used 14148K [0x00000000c1600000, 0x00000000c4100000, 0x00000000eb200000)
  object space 44032K, 32% used [0x00000000c1600000,0x00000000c23d1058,0x00000000c4100000)
 Metaspace       used 17268K, capacity 17590K, committed 17664K, reserved 1064960K
  class space    used 1927K, capacity 2041K, committed 2048K, reserved 1048576K
Event: 34.882 GC heap after
Heap after GC invocations=5 (full 0):
 PSYoungGen      total 18944K, used 2547K [0x00000000eb200000, 0x00000000ed600000, 0x0000000100000000)
  eden space 16384K, 0% used [0x00000000eb200000,0x00000000eb200000,0x00000000ec200000)
  from space 2560K, 99% used [0x00000000ec200000,0x00000000ec47cd30,0x00000000ec480000)
  to   space 10240K, 0% used [0x00000000ecc00000,0x00000000ecc00000,0x00000000ed600000)
 ParOldGen       total 44032K, used 16250K [0x00000000c1600000, 0x00000000c4100000, 0x00000000eb200000)
  object space 44032K, 36% used [0x00000000c1600000,0x00000000c25de9b0,0x00000000c4100000)
 Metaspace       used 17268K, capacity 17590K, committed 17664K, reserved 1064960K
  class space    used 1927K, capacity 2041K, committed 2048K, reserved 1048576K
}

